{"C:\\Users\\Joseph\\Documents\\vanilla-react-apps\\hostfully-challenge\\src\\components\\button.tsx": {"path":"C:\\Users\\Joseph\\Documents\\vanilla-react-apps\\hostfully-challenge\\src\\components\\button.tsx","statementMap":{"0":{"start":{"line":3,"column":0},"end":{"line":3,"column":39}},"1":{"start":{"line":4,"column":0},"end":{"line":4,"column":57}},"2":{"start":{"line":15,"column":21},"end":{"line":37,"column":null}},"3":{"start":{"line":16,"column":50},"end":{"line":37,"column":4}},"4":{"start":{"line":41,"column":53},"end":{"line":41,"column":58}},"5":{"start":{"line":43,"column":2},"end":{"line":47,"column":4}},"6":{"start":{"line":40,"column":0},"end":{"line":40,"column":16}}},"fnMap":{"0":{"name":"(anonymous_0)","decl":{"start":{"line":16,"column":2},"end":{"line":16,"column":3}},"loc":{"start":{"line":16,"column":50},"end":{"line":37,"column":4}}},"1":{"name":"Button","decl":{"start":{"line":40,"column":16},"end":{"line":40,"column":22}},"loc":{"start":{"line":40,"column":41},"end":{"line":48,"column":1}}}},"branchMap":{"0":{"loc":{"start":{"line":16,"column":5},"end":{"line":16,"column":24}},"type":"default-arg","locations":[{"start":{"line":16,"column":15},"end":{"line":16,"column":24}}]},"1":{"loc":{"start":{"line":19,"column":11},"end":{"line":19,"column":38}},"type":"cond-expr","locations":[{"start":{"line":19,"column":23},"end":{"line":19,"column":29}},{"start":{"line":19,"column":32},"end":{"line":19,"column":38}}]},"2":{"loc":{"start":{"line":21,"column":6},"end":{"line":23,"column":16}},"type":"cond-expr","locations":[{"start":{"line":22,"column":10},"end":{"line":22,"column":59}},{"start":{"line":23,"column":10},"end":{"line":23,"column":16}}]},"3":{"loc":{"start":{"line":26,"column":12},"end":{"line":26,"column":62}},"type":"cond-expr","locations":[{"start":{"line":26,"column":37},"end":{"line":26,"column":50}},{"start":{"line":26,"column":53},"end":{"line":26,"column":62}}]},"4":{"loc":{"start":{"line":31,"column":15},"end":{"line":31,"column":47}},"type":"cond-expr","locations":[{"start":{"line":31,"column":40},"end":{"line":31,"column":41}},{"start":{"line":31,"column":44},"end":{"line":31,"column":47}}]},"5":{"loc":{"start":{"line":41,"column":20},"end":{"line":41,"column":39}},"type":"default-arg","locations":[{"start":{"line":41,"column":30},"end":{"line":41,"column":39}}]},"6":{"loc":{"start":{"line":44,"column":37},"end":{"line":44,"column":74}},"type":"cond-expr","locations":[{"start":{"line":44,"column":54},"end":{"line":44,"column":64}},{"start":{"line":44,"column":67},"end":{"line":44,"column":74}}]}},"s":{"0":4,"1":4,"2":4,"3":0,"4":0,"5":0,"6":4},"f":{"0":0,"1":0},"b":{"0":[0],"1":[0,0],"2":[0,0],"3":[0,0],"4":[0,0],"5":[0],"6":[0,0]}}
,"C:\\Users\\Joseph\\Documents\\vanilla-react-apps\\hostfully-challenge\\src\\components\\calendar.tsx": {"path":"C:\\Users\\Joseph\\Documents\\vanilla-react-apps\\hostfully-challenge\\src\\components\\calendar.tsx","statementMap":{"0":{"start":{"line":1,"column":0},"end":{"line":1,"column":26}},"1":{"start":{"line":2,"column":0},"end":{"line":2,"column":44}},"2":{"start":{"line":3,"column":0},"end":{"line":3,"column":null}},"3":{"start":{"line":11,"column":0},"end":{"line":11,"column":null}},"4":{"start":{"line":20,"column":0},"end":{"line":20,"column":40}},"5":{"start":{"line":21,"column":0},"end":{"line":21,"column":48}},"6":{"start":{"line":22,"column":0},"end":{"line":22,"column":43}},"7":{"start":{"line":23,"column":0},"end":{"line":23,"column":70}},"8":{"start":{"line":24,"column":0},"end":{"line":24,"column":24}},"9":{"start":{"line":25,"column":0},"end":{"line":25,"column":39}},"10":{"start":{"line":47,"column":19},"end":{"line":47,"column":43}},"11":{"start":{"line":48,"column":42},"end":{"line":52,"column":4}},"12":{"start":{"line":53,"column":2},"end":{"line":56,"column":56}},"13":{"start":{"line":54,"column":4},"end":{"line":54,"column":23}},"14":{"start":{"line":57,"column":27},"end":{"line":77,"column":3}},"15":{"start":{"line":61,"column":4},"end":{"line":63,"column":5}},"16":{"start":{"line":62,"column":6},"end":{"line":62,"column":13}},"17":{"start":{"line":64,"column":18},"end":{"line":66,"column":6}},"18":{"start":{"line":67,"column":16},"end":{"line":69,"column":6}},"19":{"start":{"line":70,"column":28},"end":{"line":73,"column":6}},"20":{"start":{"line":75,"column":4},"end":{"line":75,"column":37}},"21":{"start":{"line":76,"column":4},"end":{"line":76,"column":37}},"22":{"start":{"line":78,"column":14},"end":{"line":78,"column":39}},"23":{"start":{"line":79,"column":25},"end":{"line":91,"column":4}},"24":{"start":{"line":80,"column":25},"end":{"line":80,"column":65}},"25":{"start":{"line":81,"column":23},"end":{"line":81,"column":63}},"26":{"start":{"line":83,"column":4},"end":{"line":90,"column":6}},"27":{"start":{"line":93,"column":28},"end":{"line":99,"column":13}},"28":{"start":{"line":94,"column":4},"end":{"line":99,"column":13}},"29":{"start":{"line":97,"column":12},"end":{"line":97,"column":76}},"30":{"start":{"line":101,"column":20},"end":{"line":106,"column":3}},"31":{"start":{"line":102,"column":4},"end":{"line":105,"column":14}},"32":{"start":{"line":108,"column":30},"end":{"line":120,"column":3}},"33":{"start":{"line":109,"column":21},"end":{"line":109,"column":22}},"34":{"start":{"line":110,"column":4},"end":{"line":118,"column":5}},"35":{"start":{"line":111,"column":24},"end":{"line":111,"column":29}},"36":{"start":{"line":115,"column":19},"end":{"line":115,"column":46}},"37":{"start":{"line":116,"column":20},"end":{"line":116,"column":43}},"38":{"start":{"line":117,"column":6},"end":{"line":117,"column":26}},"39":{"start":{"line":119,"column":4},"end":{"line":119,"column":22}},"40":{"start":{"line":122,"column":28},"end":{"line":129,"column":3}},"41":{"start":{"line":123,"column":20},"end":{"line":123,"column":32}},"42":{"start":{"line":124,"column":4},"end":{"line":124,"column":32}},"43":{"start":{"line":125,"column":4},"end":{"line":125,"column":64}},"44":{"start":{"line":126,"column":4},"end":{"line":126,"column":46}},"45":{"start":{"line":128,"column":4},"end":{"line":128,"column":55}},"46":{"start":{"line":132,"column":24},"end":{"line":146,"column":3}},"47":{"start":{"line":134,"column":18},"end":{"line":134,"column":77}},"48":{"start":{"line":135,"column":16},"end":{"line":135,"column":73}},"49":{"start":{"line":136,"column":4},"end":{"line":140,"column":7}},"50":{"start":{"line":141,"column":4},"end":{"line":145,"column":7}},"51":{"start":{"line":147,"column":27},"end":{"line":194,"column":3}},"52":{"start":{"line":148,"column":4},"end":{"line":148,"column":47}},"53":{"start":{"line":148,"column":30},"end":{"line":148,"column":47}},"54":{"start":{"line":149,"column":25},"end":{"line":149,"column":76}},"55":{"start":{"line":150,"column":23},"end":{"line":150,"column":72}},"56":{"start":{"line":154,"column":4},"end":{"line":187,"column":5}},"57":{"start":{"line":155,"column":6},"end":{"line":155,"column":42}},"58":{"start":{"line":156,"column":6},"end":{"line":156,"column":38}},"59":{"start":{"line":158,"column":6},"end":{"line":186,"column":7}},"60":{"start":{"line":159,"column":8},"end":{"line":159,"column":40}},"61":{"start":{"line":160,"column":8},"end":{"line":160,"column":36}},"62":{"start":{"line":162,"column":8},"end":{"line":185,"column":9}},"63":{"start":{"line":163,"column":10},"end":{"line":165,"column":13}},"64":{"start":{"line":166,"column":10},"end":{"line":168,"column":13}},"65":{"start":{"line":170,"column":10},"end":{"line":184,"column":11}},"66":{"start":{"line":171,"column":12},"end":{"line":171,"column":55}},"67":{"start":{"line":172,"column":12},"end":{"line":172,"column":51}},"68":{"start":{"line":174,"column":12},"end":{"line":183,"column":13}},"69":{"start":{"line":175,"column":14},"end":{"line":177,"column":17}},"70":{"start":{"line":178,"column":14},"end":{"line":180,"column":17}},"71":{"start":{"line":182,"column":14},"end":{"line":182,"column":52}},"72":{"start":{"line":189,"column":4},"end":{"line":193,"column":31}},"73":{"start":{"line":195,"column":2},"end":{"line":300,"column":4}},"74":{"start":{"line":246,"column":14},"end":{"line":266,"column":null}},"75":{"start":{"line":273,"column":16},"end":{"line":292,"column":null}},"76":{"start":{"line":38,"column":0},"end":{"line":38,"column":16}},"77":{"start":{"line":303,"column":30},"end":{"line":315,"column":2}}},"fnMap":{"0":{"name":"BookCalendar","decl":{"start":{"line":38,"column":16},"end":{"line":38,"column":28}},"loc":{"start":{"line":46,"column":20},"end":{"line":301,"column":1}}},"1":{"name":"(anonymous_1)","decl":{"start":{"line":53,"column":18},"end":{"line":53,"column":21}},"loc":{"start":{"line":53,"column":23},"end":{"line":56,"column":3}}},"2":{"name":"(anonymous_2)","decl":{"start":{"line":57,"column":27},"end":{"line":57,"column":30}},"loc":{"start":{"line":57,"column":32},"end":{"line":77,"column":3}}},"3":{"name":"(anonymous_3)","decl":{"start":{"line":79,"column":47},"end":{"line":79,"column":48}},"loc":{"start":{"line":79,"column":57},"end":{"line":91,"column":3}}},"4":{"name":"(anonymous_4)","decl":{"start":{"line":93,"column":28},"end":{"line":93,"column":29}},"loc":{"start":{"line":94,"column":4},"end":{"line":99,"column":13}}},"5":{"name":"(anonymous_5)","decl":{"start":{"line":96,"column":10},"end":{"line":96,"column":11}},"loc":{"start":{"line":97,"column":12},"end":{"line":97,"column":76}}},"6":{"name":"(anonymous_6)","decl":{"start":{"line":101,"column":20},"end":{"line":101,"column":21}},"loc":{"start":{"line":101,"column":43},"end":{"line":106,"column":3}}},"7":{"name":"(anonymous_7)","decl":{"start":{"line":108,"column":30},"end":{"line":108,"column":31}},"loc":{"start":{"line":108,"column":67},"end":{"line":120,"column":3}}},"8":{"name":"(anonymous_8)","decl":{"start":{"line":122,"column":28},"end":{"line":122,"column":29}},"loc":{"start":{"line":122,"column":51},"end":{"line":129,"column":3}}},"9":{"name":"(anonymous_9)","decl":{"start":{"line":132,"column":24},"end":{"line":132,"column":25}},"loc":{"start":{"line":132,"column":56},"end":{"line":146,"column":3}}},"10":{"name":"(anonymous_10)","decl":{"start":{"line":147,"column":27},"end":{"line":147,"column":30}},"loc":{"start":{"line":147,"column":32},"end":{"line":194,"column":3}}},"11":{"name":"(anonymous_11)","decl":{"start":{"line":245,"column":13},"end":{"line":245,"column":14}},"loc":{"start":{"line":246,"column":14},"end":{"line":266,"column":null}}},"12":{"name":"(anonymous_12)","decl":{"start":{"line":272,"column":15},"end":{"line":272,"column":16}},"loc":{"start":{"line":273,"column":16},"end":{"line":292,"column":null}}}},"branchMap":{"0":{"loc":{"start":{"line":39,"column":2},"end":{"line":39,"column":20}},"type":"default-arg","locations":[{"start":{"line":39,"column":19},"end":{"line":39,"column":20}}]},"1":{"loc":{"start":{"line":40,"column":2},"end":{"line":40,"column":22}},"type":"default-arg","locations":[{"start":{"line":40,"column":21},"end":{"line":40,"column":22}}]},"2":{"loc":{"start":{"line":41,"column":2},"end":{"line":41,"column":19}},"type":"default-arg","locations":[{"start":{"line":41,"column":18},"end":{"line":41,"column":19}}]},"3":{"loc":{"start":{"line":49,"column":11},"end":{"line":49,"column":36}},"type":"binary-expr","locations":[{"start":{"line":49,"column":11},"end":{"line":49,"column":30}},{"start":{"line":49,"column":34},"end":{"line":49,"column":36}}]},"4":{"loc":{"start":{"line":50,"column":9},"end":{"line":50,"column":32}},"type":"binary-expr","locations":[{"start":{"line":50,"column":9},"end":{"line":50,"column":26}},{"start":{"line":50,"column":30},"end":{"line":50,"column":32}}]},"5":{"loc":{"start":{"line":51,"column":16},"end":{"line":51,"column":45}},"type":"binary-expr","locations":[{"start":{"line":51,"column":16},"end":{"line":51,"column":40}},{"start":{"line":51,"column":44},"end":{"line":51,"column":45}}]},"6":{"loc":{"start":{"line":61,"column":4},"end":{"line":63,"column":5}},"type":"if","locations":[{"start":{"line":61,"column":4},"end":{"line":63,"column":5}}]},"7":{"loc":{"start":{"line":94,"column":4},"end":{"line":99,"column":13}},"type":"cond-expr","locations":[{"start":{"line":95,"column":8},"end":{"line":97,"column":null}},{"start":{"line":99,"column":8},"end":{"line":99,"column":13}}]},"8":{"loc":{"start":{"line":97,"column":12},"end":{"line":97,"column":76}},"type":"binary-expr","locations":[{"start":{"line":97,"column":12},"end":{"line":97,"column":42}},{"start":{"line":97,"column":46},"end":{"line":97,"column":76}}]},"9":{"loc":{"start":{"line":102,"column":11},"end":{"line":105,"column":13}},"type":"cond-expr","locations":[{"start":{"line":104,"column":8},"end":{"line":104,"column":12}},{"start":{"line":105,"column":8},"end":{"line":105,"column":13}}]},"10":{"loc":{"start":{"line":102,"column":11},"end":{"line":103,"column":52}},"type":"binary-expr","locations":[{"start":{"line":102,"column":11},"end":{"line":102,"column":57}},{"start":{"line":103,"column":6},"end":{"line":103,"column":52}}]},"11":{"loc":{"start":{"line":128,"column":11},"end":{"line":128,"column":54}},"type":"cond-expr","locations":[{"start":{"line":128,"column":29},"end":{"line":128,"column":42}},{"start":{"line":128,"column":45},"end":{"line":128,"column":54}}]},"12":{"loc":{"start":{"line":148,"column":4},"end":{"line":148,"column":47}},"type":"if","locations":[{"start":{"line":148,"column":4},"end":{"line":148,"column":47}}]},"13":{"loc":{"start":{"line":199,"column":35},"end":{"line":199,"column":51}},"type":"cond-expr","locations":[{"start":{"line":199,"column":46},"end":{"line":199,"column":47}},{"start":{"line":199,"column":50},"end":{"line":199,"column":51}}]},"14":{"loc":{"start":{"line":270,"column":11},"end":{"line":295,"column":null}},"type":"cond-expr","locations":[{"start":{"line":270,"column":22},"end":{"line":270,"column":26}},{"start":{"line":271,"column":12},"end":{"line":294,"column":null}}]}},"s":{"0":1,"1":1,"2":1,"3":1,"4":1,"5":1,"6":1,"7":1,"8":1,"9":1,"10":0,"11":0,"12":0,"13":0,"14":0,"15":0,"16":0,"17":0,"18":0,"19":0,"20":0,"21":0,"22":0,"23":0,"24":0,"25":0,"26":0,"27":0,"28":0,"29":0,"30":0,"31":0,"32":0,"33":0,"34":0,"35":0,"36":0,"37":0,"38":0,"39":0,"40":0,"41":0,"42":0,"43":0,"44":0,"45":0,"46":0,"47":0,"48":0,"49":0,"50":0,"51":0,"52":0,"53":0,"54":0,"55":0,"56":0,"57":0,"58":0,"59":0,"60":0,"61":0,"62":0,"63":0,"64":0,"65":0,"66":0,"67":0,"68":0,"69":0,"70":0,"71":0,"72":0,"73":0,"74":0,"75":0,"76":1,"77":1},"f":{"0":0,"1":0,"2":0,"3":0,"4":0,"5":0,"6":0,"7":0,"8":0,"9":0,"10":0,"11":0,"12":0},"b":{"0":[0],"1":[0],"2":[0],"3":[0,0],"4":[0,0],"5":[0,0],"6":[0],"7":[0,0],"8":[0,0],"9":[0,0],"10":[0,0],"11":[0,0],"12":[0],"13":[0,0],"14":[0,0]}}
,"C:\\Users\\Joseph\\Documents\\vanilla-react-apps\\hostfully-challenge\\src\\components\\manualInput.tsx": {"path":"C:\\Users\\Joseph\\Documents\\vanilla-react-apps\\hostfully-challenge\\src\\components\\manualInput.tsx","statementMap":{"0":{"start":{"line":1,"column":0},"end":{"line":1,"column":60}},"1":{"start":{"line":2,"column":0},"end":{"line":2,"column":58}},"2":{"start":{"line":3,"column":0},"end":{"line":3,"column":26}},"3":{"start":{"line":18,"column":28},"end":{"line":18,"column":56}},"4":{"start":{"line":19,"column":2},"end":{"line":52,"column":4}},"5":{"start":{"line":30,"column":12},"end":{"line":30,"column":48}},"6":{"start":{"line":31,"column":12},"end":{"line":31,"column":40}},"7":{"start":{"line":44,"column":12},"end":{"line":44,"column":48}},"8":{"start":{"line":45,"column":12},"end":{"line":45,"column":40}},"9":{"start":{"line":12,"column":0},"end":{"line":12,"column":16}}},"fnMap":{"0":{"name":"ManualInput","decl":{"start":{"line":12,"column":16},"end":{"line":12,"column":27}},"loc":{"start":{"line":17,"column":19},"end":{"line":53,"column":1}}},"1":{"name":"(anonymous_1)","decl":{"start":{"line":29,"column":19},"end":{"line":29,"column":22}},"loc":{"start":{"line":29,"column":24},"end":{"line":32,"column":11}}},"2":{"name":"(anonymous_2)","decl":{"start":{"line":43,"column":19},"end":{"line":43,"column":22}},"loc":{"start":{"line":43,"column":24},"end":{"line":46,"column":11}}}},"branchMap":{"0":{"loc":{"start":{"line":15,"column":2},"end":{"line":15,"column":20}},"type":"default-arg","locations":[{"start":{"line":15,"column":17},"end":{"line":15,"column":20}}]}},"s":{"0":1,"1":1,"2":1,"3":0,"4":0,"5":0,"6":0,"7":0,"8":0,"9":1},"f":{"0":0,"1":0,"2":0},"b":{"0":[0]}}
,"C:\\Users\\Joseph\\Documents\\vanilla-react-apps\\hostfully-challenge\\src\\providers\\bookingsProvider.tsx": {"path":"C:\\Users\\Joseph\\Documents\\vanilla-react-apps\\hostfully-challenge\\src\\providers\\bookingsProvider.tsx","statementMap":{"0":{"start":{"line":1,"column":0},"end":{"line":1,"column":33}},"1":{"start":{"line":29,"column":21},"end":{"line":31,"column":2}},"2":{"start":{"line":33,"column":13},"end":{"line":65,"column":4}},"3":{"start":{"line":33,"column":64},"end":{"line":65,"column":2}},"4":{"start":{"line":36,"column":4},"end":{"line":41,"column":8}},"5":{"start":{"line":36,"column":20},"end":{"line":41,"column":6}},"6":{"start":{"line":44,"column":4},"end":{"line":53,"column":7}},"7":{"start":{"line":45,"column":6},"end":{"line":52,"column":8}},"8":{"start":{"line":47,"column":10},"end":{"line":49,"column":11}},"9":{"start":{"line":48,"column":12},"end":{"line":48,"column":49}},"10":{"start":{"line":50,"column":10},"end":{"line":50,"column":19}},"11":{"start":{"line":56,"column":4},"end":{"line":63,"column":8}},"12":{"start":{"line":56,"column":20},"end":{"line":63,"column":6}},"13":{"start":{"line":58,"column":8},"end":{"line":60,"column":9}},"14":{"start":{"line":59,"column":10},"end":{"line":59,"column":25}},"15":{"start":{"line":61,"column":8},"end":{"line":61,"column":17}}},"fnMap":{"0":{"name":"(anonymous_0)","decl":{"start":{"line":33,"column":54},"end":{"line":33,"column":55}},"loc":{"start":{"line":33,"column":64},"end":{"line":65,"column":2}}},"1":{"name":"(anonymous_1)","decl":{"start":{"line":35,"column":14},"end":{"line":35,"column":15}},"loc":{"start":{"line":35,"column":26},"end":{"line":42,"column":3}}},"2":{"name":"(anonymous_2)","decl":{"start":{"line":36,"column":8},"end":{"line":36,"column":9}},"loc":{"start":{"line":36,"column":20},"end":{"line":41,"column":6}}},"3":{"name":"(anonymous_3)","decl":{"start":{"line":43,"column":17},"end":{"line":43,"column":18}},"loc":{"start":{"line":43,"column":24},"end":{"line":54,"column":3}}},"4":{"name":"(anonymous_4)","decl":{"start":{"line":44,"column":8},"end":{"line":44,"column":9}},"loc":{"start":{"line":44,"column":18},"end":{"line":53,"column":5}}},"5":{"name":"(anonymous_5)","decl":{"start":{"line":46,"column":37},"end":{"line":46,"column":38}},"loc":{"start":{"line":46,"column":43},"end":{"line":51,"column":9}}},"6":{"name":"(anonymous_6)","decl":{"start":{"line":55,"column":17},"end":{"line":55,"column":18}},"loc":{"start":{"line":55,"column":33},"end":{"line":64,"column":3}}},"7":{"name":"(anonymous_7)","decl":{"start":{"line":56,"column":8},"end":{"line":56,"column":9}},"loc":{"start":{"line":56,"column":20},"end":{"line":63,"column":6}}},"8":{"name":"(anonymous_8)","decl":{"start":{"line":57,"column":35},"end":{"line":57,"column":36}},"loc":{"start":{"line":57,"column":41},"end":{"line":62,"column":7}}}},"branchMap":{"0":{"loc":{"start":{"line":47,"column":10},"end":{"line":49,"column":11}},"type":"if","locations":[{"start":{"line":47,"column":10},"end":{"line":49,"column":11}}]},"1":{"loc":{"start":{"line":58,"column":8},"end":{"line":60,"column":9}},"type":"if","locations":[{"start":{"line":58,"column":8},"end":{"line":60,"column":9}}]}},"s":{"0":1,"1":1,"2":1,"3":1,"4":0,"5":0,"6":0,"7":0,"8":0,"9":0,"10":0,"11":0,"12":0,"13":0,"14":0,"15":0},"f":{"0":1,"1":0,"2":0,"3":0,"4":0,"5":0,"6":0,"7":0,"8":0},"b":{"0":[0],"1":[0]}}
,"C:\\Users\\Joseph\\Documents\\vanilla-react-apps\\hostfully-challenge\\src\\providers\\hotelsProvider.tsx": {"path":"C:\\Users\\Joseph\\Documents\\vanilla-react-apps\\hostfully-challenge\\src\\providers\\hotelsProvider.tsx","statementMap":{"0":{"start":{"line":1,"column":0},"end":{"line":1,"column":33}},"1":{"start":{"line":2,"column":0},"end":{"line":2,"column":45}},"2":{"start":{"line":3,"column":0},"end":{"line":3,"column":45}},"3":{"start":{"line":4,"column":0},"end":{"line":4,"column":45}},"4":{"start":{"line":5,"column":0},"end":{"line":5,"column":45}},"5":{"start":{"line":6,"column":0},"end":{"line":6,"column":45}},"6":{"start":{"line":7,"column":0},"end":{"line":7,"column":45}},"7":{"start":{"line":32,"column":21},"end":{"line":113,"column":2}},"8":{"start":{"line":115,"column":13},"end":{"line":141,"column":4}},"9":{"start":{"line":115,"column":58},"end":{"line":141,"column":2}},"10":{"start":{"line":122,"column":4},"end":{"line":139,"column":7}},"11":{"start":{"line":123,"column":27},"end":{"line":123,"column":67}},"12":{"start":{"line":123,"column":52},"end":{"line":123,"column":66}},"13":{"start":{"line":124,"column":6},"end":{"line":138,"column":7}},"14":{"start":{"line":125,"column":8},"end":{"line":131,"column":9}},"15":{"start":{"line":126,"column":10},"end":{"line":126,"column":63}},"16":{"start":{"line":128,"column":10},"end":{"line":130,"column":12}},"17":{"start":{"line":129,"column":22},"end":{"line":129,"column":53}},"18":{"start":{"line":132,"column":8},"end":{"line":135,"column":10}},"19":{"start":{"line":134,"column":43},"end":{"line":134,"column":76}},"20":{"start":{"line":137,"column":8},"end":{"line":137,"column":21}}},"fnMap":{"0":{"name":"(anonymous_0)","decl":{"start":{"line":115,"column":48},"end":{"line":115,"column":49}},"loc":{"start":{"line":115,"column":58},"end":{"line":141,"column":2}}},"1":{"name":"(anonymous_1)","decl":{"start":{"line":117,"column":29},"end":{"line":117,"column":30}},"loc":{"start":{"line":121,"column":7},"end":{"line":140,"column":3}}},"2":{"name":"(anonymous_2)","decl":{"start":{"line":122,"column":8},"end":{"line":122,"column":9}},"loc":{"start":{"line":122,"column":18},"end":{"line":139,"column":5}}},"3":{"name":"(anonymous_3)","decl":{"start":{"line":123,"column":45},"end":{"line":123,"column":46}},"loc":{"start":{"line":123,"column":52},"end":{"line":123,"column":66}}},"4":{"name":"(anonymous_4)","decl":{"start":{"line":129,"column":12},"end":{"line":129,"column":13}},"loc":{"start":{"line":129,"column":22},"end":{"line":129,"column":53}}},"5":{"name":"(anonymous_5)","decl":{"start":{"line":134,"column":35},"end":{"line":134,"column":36}},"loc":{"start":{"line":134,"column":43},"end":{"line":134,"column":76}}}},"branchMap":{"0":{"loc":{"start":{"line":120,"column":4},"end":{"line":120,"column":34}},"type":"default-arg","locations":[{"start":{"line":120,"column":13},"end":{"line":120,"column":34}}]},"1":{"loc":{"start":{"line":124,"column":6},"end":{"line":138,"column":7}},"type":"if","locations":[{"start":{"line":124,"column":6},"end":{"line":138,"column":7}},{"start":{"line":136,"column":13},"end":{"line":138,"column":7}}]},"2":{"loc":{"start":{"line":125,"column":8},"end":{"line":131,"column":9}},"type":"if","locations":[{"start":{"line":125,"column":8},"end":{"line":131,"column":9}},{"start":{"line":127,"column":15},"end":{"line":131,"column":9}}]},"3":{"loc":{"start":{"line":134,"column":43},"end":{"line":134,"column":76}},"type":"cond-expr","locations":[{"start":{"line":134,"column":60},"end":{"line":134,"column":72}},{"start":{"line":134,"column":75},"end":{"line":134,"column":76}}]}},"s":{"0":1,"1":1,"2":1,"3":1,"4":1,"5":1,"6":1,"7":1,"8":1,"9":0,"10":0,"11":0,"12":0,"13":0,"14":0,"15":0,"16":0,"17":0,"18":0,"19":0,"20":0},"f":{"0":0,"1":0,"2":0,"3":0,"4":0,"5":0},"b":{"0":[0],"1":[0,0],"2":[0,0],"3":[0,0]}}
,"C:\\Users\\Joseph\\Documents\\vanilla-react-apps\\hostfully-challenge\\src\\providers\\theme.ts": {"path":"C:\\Users\\Joseph\\Documents\\vanilla-react-apps\\hostfully-challenge\\src\\providers\\theme.ts","statementMap":{"0":{"start":{"line":1,"column":13},"end":{"line":33,"column":2}}},"fnMap":{},"branchMap":{},"s":{"0":2},"f":{},"b":{}}
,"C:\\Users\\Joseph\\Documents\\vanilla-react-apps\\hostfully-challenge\\src\\utils\\formatCurrency.ts": {"path":"C:\\Users\\Joseph\\Documents\\vanilla-react-apps\\hostfully-challenge\\src\\utils\\formatCurrency.ts","statementMap":{"0":{"start":{"line":1,"column":13},"end":{"line":5,"column":3}},"1":{"start":{"line":7,"column":34},"end":{"line":9,"column":1}},"2":{"start":{"line":8,"column":2},"end":{"line":8,"column":49}},"3":{"start":{"line":7,"column":13},"end":{"line":7,"column":34}}},"fnMap":{"0":{"name":"(anonymous_0)","decl":{"start":{"line":7,"column":34},"end":{"line":7,"column":35}},"loc":{"start":{"line":7,"column":52},"end":{"line":9,"column":1}}}},"branchMap":{},"s":{"0":3,"1":3,"2":0,"3":3},"f":{"0":0},"b":{}}
,"C:\\Users\\Joseph\\Documents\\vanilla-react-apps\\hostfully-challenge\\src\\wizards\\bookingWizard.tsx": {"path":"C:\\Users\\Joseph\\Documents\\vanilla-react-apps\\hostfully-challenge\\src\\wizards\\bookingWizard.tsx","statementMap":{"0":{"start":{"line":1,"column":0},"end":{"line":1,"column":44}},"1":{"start":{"line":2,"column":0},"end":{"line":2,"column":48}},"2":{"start":{"line":3,"column":0},"end":{"line":3,"column":48}},"3":{"start":{"line":4,"column":0},"end":{"line":4,"column":38}},"4":{"start":{"line":5,"column":0},"end":{"line":5,"column":60}},"5":{"start":{"line":6,"column":0},"end":{"line":6,"column":64}},"6":{"start":{"line":7,"column":0},"end":{"line":7,"column":57}},"7":{"start":{"line":8,"column":0},"end":{"line":8,"column":47}},"8":{"start":{"line":9,"column":0},"end":{"line":9,"column":46}},"9":{"start":{"line":10,"column":0},"end":{"line":10,"column":39}},"10":{"start":{"line":11,"column":0},"end":{"line":11,"column":47}},"11":{"start":{"line":13,"column":0},"end":{"line":13,"column":null}},"12":{"start":{"line":14,"column":2},"end":{"line":14,"column":null}},"13":{"start":{"line":15,"column":2},"end":{"line":15,"column":null}},"14":{"start":{"line":16,"column":2},"end":{"line":16,"column":null}},"15":{"start":{"line":17,"column":2},"end":{"line":17,"column":null}},"16":{"start":{"line":66,"column":16},"end":{"line":80,"column":1}},"17":{"start":{"line":67,"column":2},"end":{"line":79,"column":4}},"18":{"start":{"line":120,"column":40},"end":{"line":123,"column":4}},"19":{"start":{"line":124,"column":21},"end":{"line":124,"column":65}},"20":{"start":{"line":124,"column":48},"end":{"line":124,"column":64}},"21":{"start":{"line":125,"column":24},"end":{"line":125,"column":71}},"22":{"start":{"line":125,"column":51},"end":{"line":125,"column":70}},"23":{"start":{"line":127,"column":36},"end":{"line":128,"column":null}},"24":{"start":{"line":128,"column":15},"end":{"line":128,"column":46}},"25":{"start":{"line":130,"column":17},"end":{"line":130,"column":55}},"26":{"start":{"line":130,"column":42},"end":{"line":130,"column":54}},"27":{"start":{"line":132,"column":16},"end":{"line":132,"column":67}},"28":{"start":{"line":132,"column":39},"end":{"line":132,"column":65}},"29":{"start":{"line":134,"column":2},"end":{"line":151,"column":5}},"30":{"start":{"line":135,"column":4},"end":{"line":144,"column":5}},"31":{"start":{"line":136,"column":6},"end":{"line":143,"column":9}},"32":{"start":{"line":153,"column":2},"end":{"line":169,"column":37}},"33":{"start":{"line":154,"column":27},"end":{"line":163,"column":5}},"34":{"start":{"line":155,"column":29},"end":{"line":155,"column":51}},"35":{"start":{"line":156,"column":6},"end":{"line":162,"column":7}},"36":{"start":{"line":161,"column":8},"end":{"line":161,"column":25}},"37":{"start":{"line":164,"column":4},"end":{"line":164,"column":55}},"38":{"start":{"line":165,"column":4},"end":{"line":167,"column":6}},"39":{"start":{"line":166,"column":6},"end":{"line":166,"column":60}},"40":{"start":{"line":171,"column":25},"end":{"line":181,"column":3}},"41":{"start":{"line":172,"column":4},"end":{"line":172,"column":40}},"42":{"start":{"line":172,"column":33},"end":{"line":172,"column":40}},"43":{"start":{"line":173,"column":4},"end":{"line":180,"column":7}},"44":{"start":{"line":183,"column":32},"end":{"line":188,"column":3}},"45":{"start":{"line":184,"column":4},"end":{"line":187,"column":7}},"46":{"start":{"line":190,"column":31},"end":{"line":195,"column":3}},"47":{"start":{"line":191,"column":4},"end":{"line":194,"column":7}},"48":{"start":{"line":197,"column":32},"end":{"line":227,"column":3}},"49":{"start":{"line":198,"column":4},"end":{"line":201,"column":7}},"50":{"start":{"line":202,"column":4},"end":{"line":226,"column":5}},"51":{"start":{"line":203,"column":6},"end":{"line":212,"column":9}},"52":{"start":{"line":213,"column":6},"end":{"line":213,"column":53}},"53":{"start":{"line":215,"column":6},"end":{"line":224,"column":9}},"54":{"start":{"line":225,"column":6},"end":{"line":225,"column":53}},"55":{"start":{"line":229,"column":2},"end":{"line":319,"column":3}},"56":{"start":{"line":231,"column":6},"end":{"line":270,"column":8}},"57":{"start":{"line":238,"column":44},"end":{"line":238,"column":60}},"58":{"start":{"line":260,"column":16},"end":{"line":263,"column":18}},"59":{"start":{"line":272,"column":6},"end":{"line":291,"column":8}},"60":{"start":{"line":284,"column":14},"end":{"line":287,"column":16}},"61":{"start":{"line":293,"column":6},"end":{"line":311,"column":8}},"62":{"start":{"line":300,"column":18},"end":{"line":300,"column":65}},"63":{"start":{"line":308,"column":28},"end":{"line":308,"column":67}},"64":{"start":{"line":314,"column":6},"end":{"line":318,"column":8}},"65":{"start":{"line":115,"column":0},"end":{"line":115,"column":16}}},"fnMap":{"0":{"name":"(anonymous_0)","decl":{"start":{"line":13,"column":0},"end":{"line":13,"column":12}},"loc":{"start":{"line":13,"column":24},"end":{"line":18,"column":1}}},"1":{"name":"(anonymous_1)","decl":{"start":{"line":66,"column":16},"end":{"line":66,"column":17}},"loc":{"start":{"line":66,"column":64},"end":{"line":80,"column":1}}},"2":{"name":"BookingWizard","decl":{"start":{"line":115,"column":16},"end":{"line":115,"column":29}},"loc":{"start":{"line":119,"column":21},"end":{"line":320,"column":1}}},"3":{"name":"(anonymous_3)","decl":{"start":{"line":124,"column":37},"end":{"line":124,"column":38}},"loc":{"start":{"line":124,"column":48},"end":{"line":124,"column":64}}},"4":{"name":"(anonymous_4)","decl":{"start":{"line":125,"column":40},"end":{"line":125,"column":41}},"loc":{"start":{"line":125,"column":51},"end":{"line":125,"column":70}}},"5":{"name":"(anonymous_5)","decl":{"start":{"line":128,"column":4},"end":{"line":128,"column":5}},"loc":{"start":{"line":128,"column":15},"end":{"line":128,"column":46}}},"6":{"name":"(anonymous_6)","decl":{"start":{"line":130,"column":31},"end":{"line":130,"column":32}},"loc":{"start":{"line":130,"column":42},"end":{"line":130,"column":54}}},"7":{"name":"(anonymous_7)","decl":{"start":{"line":132,"column":28},"end":{"line":132,"column":29}},"loc":{"start":{"line":132,"column":39},"end":{"line":132,"column":65}}},"8":{"name":"(anonymous_8)","decl":{"start":{"line":134,"column":12},"end":{"line":134,"column":15}},"loc":{"start":{"line":134,"column":17},"end":{"line":145,"column":3}}},"9":{"name":"(anonymous_9)","decl":{"start":{"line":153,"column":12},"end":{"line":153,"column":15}},"loc":{"start":{"line":153,"column":17},"end":{"line":169,"column":3}}},"10":{"name":"(anonymous_10)","decl":{"start":{"line":154,"column":27},"end":{"line":154,"column":28}},"loc":{"start":{"line":154,"column":52},"end":{"line":163,"column":5}}},"11":{"name":"(anonymous_11)","decl":{"start":{"line":165,"column":11},"end":{"line":165,"column":14}},"loc":{"start":{"line":165,"column":16},"end":{"line":167,"column":5}}},"12":{"name":"(anonymous_12)","decl":{"start":{"line":171,"column":25},"end":{"line":171,"column":28}},"loc":{"start":{"line":171,"column":30},"end":{"line":181,"column":3}}},"13":{"name":"(anonymous_13)","decl":{"start":{"line":183,"column":32},"end":{"line":183,"column":33}},"loc":{"start":{"line":183,"column":63},"end":{"line":188,"column":3}}},"14":{"name":"(anonymous_14)","decl":{"start":{"line":190,"column":31},"end":{"line":190,"column":32}},"loc":{"start":{"line":190,"column":67},"end":{"line":195,"column":3}}},"15":{"name":"(anonymous_15)","decl":{"start":{"line":197,"column":32},"end":{"line":197,"column":33}},"loc":{"start":{"line":197,"column":75},"end":{"line":227,"column":3}}},"16":{"name":"(anonymous_16)","decl":{"start":{"line":238,"column":38},"end":{"line":238,"column":41}},"loc":{"start":{"line":238,"column":44},"end":{"line":238,"column":60}}},"17":{"name":"(anonymous_17)","decl":{"start":{"line":259,"column":24},"end":{"line":259,"column":25}},"loc":{"start":{"line":260,"column":16},"end":{"line":263,"column":18}}},"18":{"name":"(anonymous_18)","decl":{"start":{"line":283,"column":22},"end":{"line":283,"column":23}},"loc":{"start":{"line":284,"column":14},"end":{"line":287,"column":16}}},"19":{"name":"(anonymous_19)","decl":{"start":{"line":299,"column":25},"end":{"line":299,"column":28}},"loc":{"start":{"line":300,"column":18},"end":{"line":300,"column":65}}},"20":{"name":"(anonymous_20)","decl":{"start":{"line":308,"column":22},"end":{"line":308,"column":25}},"loc":{"start":{"line":308,"column":28},"end":{"line":308,"column":67}}}},"branchMap":{"0":{"loc":{"start":{"line":13,"column":12},"end":{"line":13,"column":null}},"type":"binary-expr","locations":[{"start":{"line":13,"column":12},"end":{"line":13,"column":24}},{"start":{"line":13,"column":24},"end":{"line":13,"column":null}}]},"1":{"loc":{"start":{"line":122,"column":10},"end":{"line":122,"column":63}},"type":"cond-expr","locations":[{"start":{"line":122,"column":34},"end":{"line":122,"column":58}},{"start":{"line":122,"column":61},"end":{"line":122,"column":63}}]},"2":{"loc":{"start":{"line":135,"column":4},"end":{"line":144,"column":5}},"type":"if","locations":[{"start":{"line":135,"column":4},"end":{"line":144,"column":5}}]},"3":{"loc":{"start":{"line":156,"column":6},"end":{"line":162,"column":7}},"type":"if","locations":[{"start":{"line":156,"column":6},"end":{"line":162,"column":7}}]},"4":{"loc":{"start":{"line":157,"column":8},"end":{"line":159,"column":41}},"type":"binary-expr","locations":[{"start":{"line":157,"column":8},"end":{"line":157,"column":29}},{"start":{"line":158,"column":8},"end":{"line":158,"column":30}},{"start":{"line":159,"column":8},"end":{"line":159,"column":41}}]},"5":{"loc":{"start":{"line":172,"column":4},"end":{"line":172,"column":40}},"type":"if","locations":[{"start":{"line":172,"column":4},"end":{"line":172,"column":40}}]},"6":{"loc":{"start":{"line":202,"column":4},"end":{"line":226,"column":5}},"type":"if","locations":[{"start":{"line":202,"column":4},"end":{"line":226,"column":5}},{"start":{"line":214,"column":11},"end":{"line":226,"column":5}}]},"7":{"loc":{"start":{"line":229,"column":2},"end":{"line":319,"column":3}},"type":"switch","locations":[{"start":{"line":230,"column":4},"end":{"line":270,"column":8}},{"start":{"line":271,"column":4},"end":{"line":291,"column":8}},{"start":{"line":292,"column":4},"end":{"line":311,"column":8}},{"start":{"line":313,"column":4},"end":{"line":318,"column":8}}]},"8":{"loc":{"start":{"line":233,"column":11},"end":{"line":267,"column":null}},"type":"cond-expr","locations":[{"start":{"line":234,"column":12},"end":{"line":246,"column":null}},{"start":{"line":249,"column":12},"end":{"line":266,"column":null}}]},"9":{"loc":{"start":{"line":300,"column":18},"end":{"line":300,"column":65}},"type":"cond-expr","locations":[{"start":{"line":300,"column":42},"end":{"line":300,"column":58}},{"start":{"line":300,"column":61},"end":{"line":300,"column":65}}]}},"s":{"0":1,"1":1,"2":1,"3":1,"4":1,"5":1,"6":1,"7":1,"8":1,"9":1,"10":1,"11":1,"12":1,"13":1,"14":1,"15":1,"16":1,"17":0,"18":4,"19":4,"20":4,"21":4,"22":4,"23":4,"24":4,"25":4,"26":4,"27":4,"28":0,"29":0,"30":0,"31":0,"32":0,"33":0,"34":0,"35":0,"36":0,"37":0,"38":0,"39":0,"40":0,"41":0,"42":0,"43":0,"44":0,"45":0,"46":0,"47":0,"48":0,"49":0,"50":0,"51":0,"52":0,"53":0,"54":0,"55":0,"56":0,"57":0,"58":0,"59":0,"60":0,"61":0,"62":0,"63":0,"64":0,"65":1},"f":{"0":1,"1":0,"2":4,"3":4,"4":4,"5":4,"6":4,"7":0,"8":0,"9":0,"10":0,"11":0,"12":0,"13":0,"14":0,"15":0,"16":0,"17":0,"18":0,"19":0,"20":0},"b":{"0":[1,1],"1":[0,4],"2":[0],"3":[0],"4":[0,0,0],"5":[0],"6":[0,0],"7":[0,0,0,0],"8":[0,0],"9":[0,0]}}
,"C:\\Users\\Joseph\\Documents\\vanilla-react-apps\\hostfully-challenge\\src\\wizards\\dateSelection.tsx": {"path":"C:\\Users\\Joseph\\Documents\\vanilla-react-apps\\hostfully-challenge\\src\\wizards\\dateSelection.tsx","statementMap":{"0":{"start":{"line":1,"column":0},"end":{"line":1,"column":27}},"1":{"start":{"line":2,"column":0},"end":{"line":2,"column":54}},"2":{"start":{"line":3,"column":0},"end":{"line":3,"column":54}},"3":{"start":{"line":5,"column":0},"end":{"line":5,"column":78}},"4":{"start":{"line":6,"column":0},"end":{"line":6,"column":54}},"5":{"start":{"line":7,"column":0},"end":{"line":7,"column":46}},"6":{"start":{"line":8,"column":0},"end":{"line":8,"column":56}},"7":{"start":{"line":9,"column":0},"end":{"line":9,"column":39}},"8":{"start":{"line":10,"column":0},"end":{"line":10,"column":57}},"9":{"start":{"line":53,"column":15},"end":{"line":61,"column":4}},"10":{"start":{"line":54,"column":2},"end":{"line":61,"column":4}},"11":{"start":{"line":64,"column":27},"end":{"line":64,"column":35}},"12":{"start":{"line":67,"column":4},"end":{"line":80,"column":6}},"13":{"start":{"line":82,"column":25},"end":{"line":82,"column":48}},"14":{"start":{"line":83,"column":27},"end":{"line":83,"column":52}},"15":{"start":{"line":84,"column":24},"end":{"line":84,"column":46}},"16":{"start":{"line":86,"column":2},"end":{"line":86,"column":38}},"17":{"start":{"line":88,"column":2},"end":{"line":179,"column":4}},"18":{"start":{"line":101,"column":14},"end":{"line":107,"column":null}},"19":{"start":{"line":106,"column":18},"end":{"line":106,"column":40}},"20":{"start":{"line":115,"column":14},"end":{"line":120,"column":null}},"21":{"start":{"line":119,"column":18},"end":{"line":119,"column":40}},"22":{"start":{"line":128,"column":14},"end":{"line":134,"column":null}},"23":{"start":{"line":133,"column":18},"end":{"line":133,"column":40}},"24":{"start":{"line":151,"column":12},"end":{"line":151,"column":73}},"25":{"start":{"line":152,"column":12},"end":{"line":152,"column":69}},"26":{"start":{"line":153,"column":12},"end":{"line":155,"column":15}},"27":{"start":{"line":63,"column":0},"end":{"line":63,"column":16}},"28":{"start":{"line":182,"column":26},"end":{"line":187,"column":2}},"29":{"start":{"line":189,"column":28},"end":{"line":198,"column":2}},"30":{"start":{"line":200,"column":36},"end":{"line":213,"column":2}}},"fnMap":{"0":{"name":"(anonymous_0)","decl":{"start":{"line":53,"column":15},"end":{"line":53,"column":18}},"loc":{"start":{"line":54,"column":2},"end":{"line":61,"column":4}}},"1":{"name":"DateSelection","decl":{"start":{"line":63,"column":16},"end":{"line":63,"column":29}},"loc":{"start":{"line":63,"column":46},"end":{"line":180,"column":1}}},"2":{"name":"(anonymous_2)","decl":{"start":{"line":100,"column":20},"end":{"line":100,"column":21}},"loc":{"start":{"line":101,"column":14},"end":{"line":107,"column":null}}},"3":{"name":"(anonymous_3)","decl":{"start":{"line":105,"column":26},"end":{"line":105,"column":27}},"loc":{"start":{"line":105,"column":36},"end":{"line":107,"column":17}}},"4":{"name":"(anonymous_4)","decl":{"start":{"line":114,"column":20},"end":{"line":114,"column":21}},"loc":{"start":{"line":115,"column":14},"end":{"line":120,"column":null}}},"5":{"name":"(anonymous_5)","decl":{"start":{"line":118,"column":26},"end":{"line":118,"column":27}},"loc":{"start":{"line":118,"column":36},"end":{"line":120,"column":17}}},"6":{"name":"(anonymous_6)","decl":{"start":{"line":127,"column":20},"end":{"line":127,"column":21}},"loc":{"start":{"line":128,"column":14},"end":{"line":134,"column":null}}},"7":{"name":"(anonymous_7)","decl":{"start":{"line":132,"column":26},"end":{"line":132,"column":27}},"loc":{"start":{"line":132,"column":36},"end":{"line":134,"column":17}}},"8":{"name":"(anonymous_8)","decl":{"start":{"line":150,"column":20},"end":{"line":150,"column":21}},"loc":{"start":{"line":150,"column":30},"end":{"line":156,"column":11}}}},"branchMap":{"0":{"loc":{"start":{"line":70,"column":8},"end":{"line":79,"column":null}},"type":"cond-expr","locations":[{"start":{"line":71,"column":12},"end":{"line":71,"column":22}},{"start":{"line":72,"column":12},"end":{"line":79,"column":null}}]},"1":{"loc":{"start":{"line":103,"column":33},"end":{"line":103,"column":63}},"type":"binary-expr","locations":[{"start":{"line":103,"column":33},"end":{"line":103,"column":58}},{"start":{"line":103,"column":62},"end":{"line":103,"column":63}}]},"2":{"loc":{"start":{"line":117,"column":33},"end":{"line":117,"column":65}},"type":"binary-expr","locations":[{"start":{"line":117,"column":33},"end":{"line":117,"column":60}},{"start":{"line":117,"column":64},"end":{"line":117,"column":65}}]},"3":{"loc":{"start":{"line":130,"column":33},"end":{"line":130,"column":62}},"type":"binary-expr","locations":[{"start":{"line":130,"column":33},"end":{"line":130,"column":57}},{"start":{"line":130,"column":61},"end":{"line":130,"column":62}}]},"4":{"loc":{"start":{"line":146,"column":19},"end":{"line":146,"column":45}},"type":"binary-expr","locations":[{"start":{"line":146,"column":19},"end":{"line":146,"column":39}},{"start":{"line":146,"column":43},"end":{"line":146,"column":45}}]},"5":{"loc":{"start":{"line":147,"column":17},"end":{"line":147,"column":41}},"type":"binary-expr","locations":[{"start":{"line":147,"column":17},"end":{"line":147,"column":35}},{"start":{"line":147,"column":39},"end":{"line":147,"column":41}}]},"6":{"loc":{"start":{"line":148,"column":24},"end":{"line":148,"column":50}},"type":"binary-expr","locations":[{"start":{"line":148,"column":24},"end":{"line":148,"column":45}},{"start":{"line":148,"column":49},"end":{"line":148,"column":50}}]},"7":{"loc":{"start":{"line":161,"column":35},"end":{"line":161,"column":59}},"type":"binary-expr","locations":[{"start":{"line":161,"column":35},"end":{"line":161,"column":54}},{"start":{"line":161,"column":58},"end":{"line":161,"column":59}}]}},"s":{"0":1,"1":1,"2":1,"3":1,"4":1,"5":1,"6":1,"7":1,"8":1,"9":1,"10":0,"11":0,"12":0,"13":0,"14":0,"15":0,"16":0,"17":0,"18":0,"19":0,"20":0,"21":0,"22":0,"23":0,"24":0,"25":0,"26":0,"27":1,"28":1,"29":1,"30":1},"f":{"0":0,"1":0,"2":0,"3":0,"4":0,"5":0,"6":0,"7":0,"8":0},"b":{"0":[0,0],"1":[0,0],"2":[0,0],"3":[0,0],"4":[0,0],"5":[0,0],"6":[0,0],"7":[0,0]}}
,"C:\\Users\\Joseph\\Documents\\vanilla-react-apps\\hostfully-challenge\\src\\wizards\\reviewBooking.tsx": {"path":"C:\\Users\\Joseph\\Documents\\vanilla-react-apps\\hostfully-challenge\\src\\wizards\\reviewBooking.tsx","statementMap":{"0":{"start":{"line":1,"column":0},"end":{"line":1,"column":42}},"1":{"start":{"line":2,"column":0},"end":{"line":2,"column":null}},"2":{"start":{"line":10,"column":0},"end":{"line":10,"column":54}},"3":{"start":{"line":11,"column":0},"end":{"line":11,"column":46}},"4":{"start":{"line":12,"column":0},"end":{"line":12,"column":44}},"5":{"start":{"line":13,"column":0},"end":{"line":13,"column":43}},"6":{"start":{"line":14,"column":0},"end":{"line":14,"column":39}},"7":{"start":{"line":15,"column":0},"end":{"line":15,"column":57}},"8":{"start":{"line":34,"column":23},"end":{"line":42,"column":2}},"9":{"start":{"line":49,"column":27},"end":{"line":49,"column":55}},"10":{"start":{"line":51,"column":2},"end":{"line":137,"column":4}},"11":{"start":{"line":44,"column":0},"end":{"line":44,"column":16}},"12":{"start":{"line":139,"column":26},"end":{"line":144,"column":2}}},"fnMap":{"0":{"name":"ReviewBooking","decl":{"start":{"line":44,"column":16},"end":{"line":44,"column":29}},"loc":{"start":{"line":48,"column":20},"end":{"line":138,"column":1}}}},"branchMap":{},"s":{"0":1,"1":1,"2":1,"3":1,"4":1,"5":1,"6":1,"7":1,"8":1,"9":0,"10":0,"11":1,"12":1},"f":{"0":0},"b":{}}
,"C:\\Users\\Joseph\\Documents\\vanilla-react-apps\\hostfully-challenge\\src\\wizards\\userInfo.tsx": {"path":"C:\\Users\\Joseph\\Documents\\vanilla-react-apps\\hostfully-challenge\\src\\wizards\\userInfo.tsx","statementMap":{"0":{"start":{"line":1,"column":0},"end":{"line":1,"column":27}},"1":{"start":{"line":2,"column":0},"end":{"line":2,"column":54}},"2":{"start":{"line":3,"column":0},"end":{"line":3,"column":54}},"3":{"start":{"line":4,"column":0},"end":{"line":4,"column":null}},"4":{"start":{"line":10,"column":0},"end":{"line":10,"column":46}},"5":{"start":{"line":11,"column":0},"end":{"line":11,"column":39}},"6":{"start":{"line":19,"column":15},"end":{"line":25,"column":4}},"7":{"start":{"line":20,"column":2},"end":{"line":25,"column":4}},"8":{"start":{"line":39,"column":27},"end":{"line":39,"column":35}},"9":{"start":{"line":41,"column":47},"end":{"line":44,"column":4}},"10":{"start":{"line":46,"column":2},"end":{"line":107,"column":4}},"11":{"start":{"line":58,"column":12},"end":{"line":61,"column":null}},"12":{"start":{"line":69,"column":12},"end":{"line":69,"column":77}},"13":{"start":{"line":76,"column":12},"end":{"line":79,"column":null}},"14":{"start":{"line":87,"column":12},"end":{"line":90,"column":null}},"15":{"start":{"line":38,"column":0},"end":{"line":38,"column":16}},"16":{"start":{"line":110,"column":26},"end":{"line":115,"column":2}}},"fnMap":{"0":{"name":"(anonymous_0)","decl":{"start":{"line":19,"column":15},"end":{"line":19,"column":18}},"loc":{"start":{"line":20,"column":2},"end":{"line":25,"column":4}}},"1":{"name":"UserInfo","decl":{"start":{"line":38,"column":16},"end":{"line":38,"column":24}},"loc":{"start":{"line":38,"column":45},"end":{"line":108,"column":1}}},"2":{"name":"(anonymous_2)","decl":{"start":{"line":57,"column":18},"end":{"line":57,"column":19}},"loc":{"start":{"line":58,"column":12},"end":{"line":61,"column":null}}},"3":{"name":"(anonymous_3)","decl":{"start":{"line":68,"column":18},"end":{"line":68,"column":19}},"loc":{"start":{"line":69,"column":12},"end":{"line":69,"column":77}}},"4":{"name":"(anonymous_4)","decl":{"start":{"line":75,"column":18},"end":{"line":75,"column":19}},"loc":{"start":{"line":76,"column":12},"end":{"line":79,"column":null}}},"5":{"name":"(anonymous_5)","decl":{"start":{"line":86,"column":18},"end":{"line":86,"column":19}},"loc":{"start":{"line":87,"column":12},"end":{"line":90,"column":null}}}},"branchMap":{},"s":{"0":1,"1":1,"2":1,"3":1,"4":1,"5":1,"6":1,"7":0,"8":0,"9":0,"10":0,"11":0,"12":0,"13":0,"14":0,"15":1,"16":1},"f":{"0":0,"1":0,"2":0,"3":0,"4":0,"5":0},"b":{}}
}
