TN:
SF:src\components\button.tsx
FN:16,(anonymous_0)
FN:40,Button
FNF:2
FNH:0
FNDA:0,(anonymous_0)
FNDA:0,Button
DA:3,4
DA:4,4
DA:15,4
DA:16,0
DA:40,4
DA:41,0
DA:43,0
LF:7
LH:4
BRDA:16,0,0,0
BRDA:19,1,0,0
BRDA:19,1,1,0
BRDA:21,2,0,0
BRDA:21,2,1,0
BRDA:26,3,0,0
BRDA:26,3,1,0
BRDA:31,4,0,0
BRDA:31,4,1,0
BRDA:41,5,0,0
BRDA:44,6,0,0
BRDA:44,6,1,0
BRF:12
BRH:0
end_of_record
TN:
SF:src\components\calendar.tsx
FN:38,BookCalendar
FN:53,(anonymous_1)
FN:57,(anonymous_2)
FN:79,(anonymous_3)
FN:93,(anonymous_4)
FN:96,(anonymous_5)
FN:101,(anonymous_6)
FN:108,(anonymous_7)
FN:122,(anonymous_8)
FN:132,(anonymous_9)
FN:147,(anonymous_10)
FN:245,(anonymous_11)
FN:272,(anonymous_12)
FNF:13
FNH:0
FNDA:0,BookCalendar
FNDA:0,(anonymous_1)
FNDA:0,(anonymous_2)
FNDA:0,(anonymous_3)
FNDA:0,(anonymous_4)
FNDA:0,(anonymous_5)
FNDA:0,(anonymous_6)
FNDA:0,(anonymous_7)
FNDA:0,(anonymous_8)
FNDA:0,(anonymous_9)
FNDA:0,(anonymous_10)
FNDA:0,(anonymous_11)
FNDA:0,(anonymous_12)
DA:1,1
DA:2,1
DA:3,1
DA:11,1
DA:20,1
DA:21,1
DA:22,1
DA:23,1
DA:24,1
DA:25,1
DA:38,1
DA:47,0
DA:48,0
DA:53,0
DA:54,0
DA:57,0
DA:61,0
DA:62,0
DA:64,0
DA:67,0
DA:70,0
DA:75,0
DA:76,0
DA:78,0
DA:79,0
DA:80,0
DA:81,0
DA:83,0
DA:93,0
DA:94,0
DA:97,0
DA:101,0
DA:102,0
DA:108,0
DA:109,0
DA:110,0
DA:111,0
DA:115,0
DA:116,0
DA:117,0
DA:119,0
DA:122,0
DA:123,0
DA:124,0
DA:125,0
DA:126,0
DA:128,0
DA:132,0
DA:134,0
DA:135,0
DA:136,0
DA:141,0
DA:147,0
DA:148,0
DA:149,0
DA:150,0
DA:154,0
DA:155,0
DA:156,0
DA:158,0
DA:159,0
DA:160,0
DA:162,0
DA:163,0
DA:166,0
DA:170,0
DA:171,0
DA:172,0
DA:174,0
DA:175,0
DA:178,0
DA:182,0
DA:189,0
DA:195,0
DA:246,0
DA:273,0
DA:303,1
LF:77
LH:12
BRDA:39,0,0,0
BRDA:40,1,0,0
BRDA:41,2,0,0
BRDA:49,3,0,0
BRDA:49,3,1,0
BRDA:50,4,0,0
BRDA:50,4,1,0
BRDA:51,5,0,0
BRDA:51,5,1,0
BRDA:61,6,0,0
BRDA:94,7,0,0
BRDA:94,7,1,0
BRDA:97,8,0,0
BRDA:97,8,1,0
BRDA:102,9,0,0
BRDA:102,9,1,0
BRDA:102,10,0,0
BRDA:102,10,1,0
BRDA:128,11,0,0
BRDA:128,11,1,0
BRDA:148,12,0,0
BRDA:199,13,0,0
BRDA:199,13,1,0
BRDA:270,14,0,0
BRDA:270,14,1,0
BRF:25
BRH:0
end_of_record
TN:
SF:src\components\manualInput.tsx
FN:12,ManualInput
FN:29,(anonymous_1)
FN:43,(anonymous_2)
FNF:3
FNH:0
FNDA:0,ManualInput
FNDA:0,(anonymous_1)
FNDA:0,(anonymous_2)
DA:1,1
DA:2,1
DA:3,1
DA:12,1
DA:18,0
DA:19,0
DA:30,0
DA:31,0
DA:44,0
DA:45,0
LF:10
LH:4
BRDA:15,0,0,0
BRF:1
BRH:0
end_of_record
TN:
SF:src\providers\bookingsProvider.tsx
FN:33,(anonymous_0)
FN:35,(anonymous_1)
FN:36,(anonymous_2)
FN:43,(anonymous_3)
FN:44,(anonymous_4)
FN:46,(anonymous_5)
FN:55,(anonymous_6)
FN:56,(anonymous_7)
FN:57,(anonymous_8)
FNF:9
FNH:1
FNDA:1,(anonymous_0)
FNDA:0,(anonymous_1)
FNDA:0,(anonymous_2)
FNDA:0,(anonymous_3)
FNDA:0,(anonymous_4)
FNDA:0,(anonymous_5)
FNDA:0,(anonymous_6)
FNDA:0,(anonymous_7)
FNDA:0,(anonymous_8)
DA:1,1
DA:29,1
DA:33,1
DA:36,0
DA:44,0
DA:45,0
DA:47,0
DA:48,0
DA:50,0
DA:56,0
DA:58,0
DA:59,0
DA:61,0
LF:13
LH:3
BRDA:47,0,0,0
BRDA:58,1,0,0
BRF:2
BRH:0
end_of_record
TN:
SF:src\providers\hotelsProvider.tsx
FN:115,(anonymous_0)
FN:117,(anonymous_1)
FN:122,(anonymous_2)
FN:123,(anonymous_3)
FN:129,(anonymous_4)
FN:134,(anonymous_5)
FNF:6
FNH:0
FNDA:0,(anonymous_0)
FNDA:0,(anonymous_1)
FNDA:0,(anonymous_2)
FNDA:0,(anonymous_3)
FNDA:0,(anonymous_4)
FNDA:0,(anonymous_5)
DA:1,1
DA:2,1
DA:3,1
DA:4,1
DA:5,1
DA:6,1
DA:7,1
DA:32,1
DA:115,1
DA:122,0
DA:123,0
DA:124,0
DA:125,0
DA:126,0
DA:128,0
DA:129,0
DA:132,0
DA:134,0
DA:137,0
LF:19
LH:9
BRDA:120,0,0,0
BRDA:124,1,0,0
BRDA:124,1,1,0
BRDA:125,2,0,0
BRDA:125,2,1,0
BRDA:134,3,0,0
BRDA:134,3,1,0
BRF:7
BRH:0
end_of_record
TN:
SF:src\providers\theme.ts
FNF:0
FNH:0
DA:1,2
LF:1
LH:1
BRF:0
BRH:0
end_of_record
TN:
SF:src\utils\formatCurrency.ts
FN:7,(anonymous_0)
FNF:1
FNH:0
FNDA:0,(anonymous_0)
DA:1,3
DA:7,3
DA:8,0
LF:3
LH:2
BRF:0
BRH:0
end_of_record
TN:
SF:src\wizards\bookingWizard.tsx
FN:13,(anonymous_0)
FN:66,(anonymous_1)
FN:115,BookingWizard
FN:124,(anonymous_3)
FN:125,(anonymous_4)
FN:128,(anonymous_5)
FN:130,(anonymous_6)
FN:132,(anonymous_7)
FN:134,(anonymous_8)
FN:153,(anonymous_9)
FN:154,(anonymous_10)
FN:165,(anonymous_11)
FN:171,(anonymous_12)
FN:183,(anonymous_13)
FN:190,(anonymous_14)
FN:197,(anonymous_15)
FN:238,(anonymous_16)
FN:259,(anonymous_17)
FN:283,(anonymous_18)
FN:299,(anonymous_19)
FN:308,(anonymous_20)
FNF:21
FNH:6
FNDA:1,(anonymous_0)
FNDA:0,(anonymous_1)
FNDA:4,BookingWizard
FNDA:4,(anonymous_3)
FNDA:4,(anonymous_4)
FNDA:4,(anonymous_5)
FNDA:4,(anonymous_6)
FNDA:0,(anonymous_7)
FNDA:0,(anonymous_8)
FNDA:0,(anonymous_9)
FNDA:0,(anonymous_10)
FNDA:0,(anonymous_11)
FNDA:0,(anonymous_12)
FNDA:0,(anonymous_13)
FNDA:0,(anonymous_14)
FNDA:0,(anonymous_15)
FNDA:0,(anonymous_16)
FNDA:0,(anonymous_17)
FNDA:0,(anonymous_18)
FNDA:0,(anonymous_19)
FNDA:0,(anonymous_20)
DA:1,1
DA:2,1
DA:3,1
DA:4,1
DA:5,1
DA:6,1
DA:7,1
DA:8,1
DA:9,1
DA:10,1
DA:11,1
DA:13,1
DA:14,1
DA:15,1
DA:16,1
DA:17,1
DA:66,1
DA:67,0
DA:115,1
DA:120,4
DA:124,4
DA:125,4
DA:127,4
DA:128,4
DA:130,4
DA:132,4
DA:134,0
DA:135,0
DA:136,0
DA:153,0
DA:154,0
DA:155,0
DA:156,0
DA:161,0
DA:164,0
DA:165,0
DA:166,0
DA:171,0
DA:172,0
DA:173,0
DA:183,0
DA:184,0
DA:190,0
DA:191,0
DA:197,0
DA:198,0
DA:202,0
DA:203,0
DA:213,0
DA:215,0
DA:225,0
DA:229,0
DA:231,0
DA:238,0
DA:260,0
DA:272,0
DA:284,0
DA:293,0
DA:300,0
DA:308,0
DA:314,0
LF:61
LH:25
BRDA:13,0,0,1
BRDA:13,0,1,1
BRDA:122,1,0,0
BRDA:122,1,1,4
BRDA:135,2,0,0
BRDA:156,3,0,0
BRDA:157,4,0,0
BRDA:157,4,1,0
BRDA:157,4,2,0
BRDA:172,5,0,0
BRDA:202,6,0,0
BRDA:202,6,1,0
BRDA:229,7,0,0
BRDA:229,7,1,0
BRDA:229,7,2,0
BRDA:229,7,3,0
BRDA:233,8,0,0
BRDA:233,8,1,0
BRDA:300,9,0,0
BRDA:300,9,1,0
BRF:20
BRH:3
end_of_record
TN:
SF:src\wizards\dateSelection.tsx
FN:53,(anonymous_0)
FN:63,DateSelection
FN:100,(anonymous_2)
FN:105,(anonymous_3)
FN:114,(anonymous_4)
FN:118,(anonymous_5)
FN:127,(anonymous_6)
FN:132,(anonymous_7)
FN:150,(anonymous_8)
FNF:9
FNH:0
FNDA:0,(anonymous_0)
FNDA:0,DateSelection
FNDA:0,(anonymous_2)
FNDA:0,(anonymous_3)
FNDA:0,(anonymous_4)
FNDA:0,(anonymous_5)
FNDA:0,(anonymous_6)
FNDA:0,(anonymous_7)
FNDA:0,(anonymous_8)
DA:1,1
DA:2,1
DA:3,1
DA:5,1
DA:6,1
DA:7,1
DA:8,1
DA:9,1
DA:10,1
DA:53,1
DA:54,0
DA:63,1
DA:64,0
DA:67,0
DA:82,0
DA:83,0
DA:84,0
DA:86,0
DA:88,0
DA:101,0
DA:106,0
DA:115,0
DA:119,0
DA:128,0
DA:133,0
DA:151,0
DA:152,0
DA:153,0
DA:182,1
DA:189,1
DA:200,1
LF:31
LH:14
BRDA:70,0,0,0
BRDA:70,0,1,0
BRDA:103,1,0,0
BRDA:103,1,1,0
BRDA:117,2,0,0
BRDA:117,2,1,0
BRDA:130,3,0,0
BRDA:130,3,1,0
BRDA:146,4,0,0
BRDA:146,4,1,0
BRDA:147,5,0,0
BRDA:147,5,1,0
BRDA:148,6,0,0
BRDA:148,6,1,0
BRDA:161,7,0,0
BRDA:161,7,1,0
BRF:16
BRH:0
end_of_record
TN:
SF:src\wizards\reviewBooking.tsx
FN:44,ReviewBooking
FNF:1
FNH:0
FNDA:0,ReviewBooking
DA:1,1
DA:2,1
DA:10,1
DA:11,1
DA:12,1
DA:13,1
DA:14,1
DA:15,1
DA:34,1
DA:44,1
DA:49,0
DA:51,0
DA:139,1
LF:13
LH:11
BRF:0
BRH:0
end_of_record
TN:
SF:src\wizards\userInfo.tsx
FN:19,(anonymous_0)
FN:38,UserInfo
FN:57,(anonymous_2)
FN:68,(anonymous_3)
FN:75,(anonymous_4)
FN:86,(anonymous_5)
FNF:6
FNH:0
FNDA:0,(anonymous_0)
FNDA:0,UserInfo
FNDA:0,(anonymous_2)
FNDA:0,(anonymous_3)
FNDA:0,(anonymous_4)
FNDA:0,(anonymous_5)
DA:1,1
DA:2,1
DA:3,1
DA:4,1
DA:10,1
DA:11,1
DA:19,1
DA:20,0
DA:38,1
DA:39,0
DA:41,0
DA:46,0
DA:58,0
DA:69,0
DA:76,0
DA:87,0
DA:110,1
LF:17
LH:9
BRF:0
BRH:0
end_of_record
